[0.011s] Invoking command in '/home/fang/桌面/ZM/type2/build/armor_pose_solver': CMAKE_PREFIX_PATH=/opt/ros/humble /usr/bin/cmake --build /home/fang/桌面/ZM/type2/build/armor_pose_solver -- -j12 -l12
[0.072s] -- 找到系统 OpenCV: 4.6.0
[0.072s] -- Found ament_cmake: 1.3.13 (/opt/ros/humble/share/ament_cmake/cmake)
[0.214s] -- Found rclcpp: 16.0.18 (/opt/ros/humble/share/rclcpp/cmake)
[0.260s] -- Found rosidl_generator_c: 3.1.8 (/opt/ros/humble/share/rosidl_generator_c/cmake)
[0.264s] -- Found rosidl_adapter: 3.1.8 (/opt/ros/humble/share/rosidl_adapter/cmake)
[0.274s] -- Found rosidl_generator_cpp: 3.1.8 (/opt/ros/humble/share/rosidl_generator_cpp/cmake)
[0.289s] -- Using all available rosidl_typesupport_c: rosidl_typesupport_fastrtps_c;rosidl_typesupport_introspection_c
[0.305s] -- Using all available rosidl_typesupport_cpp: rosidl_typesupport_fastrtps_cpp;rosidl_typesupport_introspection_cpp
[0.344s] -- Found rmw_implementation_cmake: 6.1.2 (/opt/ros/humble/share/rmw_implementation_cmake/cmake)
[0.346s] -- Found rmw_fastrtps_cpp: 6.2.10 (/opt/ros/humble/share/rmw_fastrtps_cpp/cmake)
[0.477s] -- Using RMW implementation 'rmw_fastrtps_cpp' as default
[0.535s] -- 未找到海康 MVS SDK,禁用海康相机支持
[0.536s] -- Found ament_lint_auto: 0.12.15 (/opt/ros/humble/share/ament_lint_auto/cmake)
[0.597s] -- Added test 'copyright' to check source files copyright and LICENSE
[0.610s] -- Added test 'cppcheck' to perform static code analysis on C / C++ code
[0.610s] -- Configured cppcheck include dirs: /home/fang/桌面/ZM/type2/include
[0.610s] -- Configured cppcheck exclude dirs and/or files: 
[0.623s] -- Added test 'cpplint' to check C / C++ code against the Google style
[0.623s] -- Configured cpplint exclude dirs and/or files: 
[0.625s] -- Added test 'flake8' to check Python code syntax and style conventions
[0.629s] -- Added test 'lint_cmake' to check CMake code style
[0.630s] -- Added test 'pep257' to check Python code against some of the docstring style conventions in PEP 257
[0.643s] -- Added test 'uncrustify' to check C / C++ code style
[0.643s] -- Configured uncrustify additional arguments: 
[0.645s] -- Added test 'xmllint' to check XML markup files
[0.646s] -- Configuring done
[0.701s] -- Generating done
[0.706s] -- Build files have been written to: /home/fang/桌面/ZM/type2/build/armor_pose_solver
[0.736s] [35m[1mConsolidate compiler generated dependencies of target armor_pose_node[0m
[0.763s] [ 28%] [32mBuilding CXX object CMakeFiles/armor_pose_node.dir/src/PoseSolve.cpp.o[0m
[0.763s] [ 42%] [32mBuilding CXX object CMakeFiles/armor_pose_node.dir/src/Main1.cpp.o[0m
[0.763s] [ 42%] [32mBuilding CXX object CMakeFiles/armor_pose_node.dir/src/Config.cpp.o[0m
[0.763s] [ 57%] [32mBuilding CXX object CMakeFiles/armor_pose_node.dir/src/ExtendedKalman.cpp.o[0m
[4.453s] [ 71%] [32m[1mLinking CXX executable armor_pose_node[0m
[4.887s] [100%] Built target armor_pose_node
[4.899s] Invoked command in '/home/fang/桌面/ZM/type2/build/armor_pose_solver' returned '0': CMAKE_PREFIX_PATH=/opt/ros/humble /usr/bin/cmake --build /home/fang/桌面/ZM/type2/build/armor_pose_solver -- -j12 -l12
[4.911s] Invoking command in '/home/fang/桌面/ZM/type2/build/armor_pose_solver': CMAKE_PREFIX_PATH=/opt/ros/humble /usr/bin/cmake --install /home/fang/桌面/ZM/type2/build/armor_pose_solver
[4.920s] -- Install configuration: "Release"
[4.921s] -- Installing: /home/fang/桌面/ZM/type2/install/armor_pose_solver/lib/armor_pose_solver/armor_pose_node
[4.921s] -- Set runtime path of "/home/fang/桌面/ZM/type2/install/armor_pose_solver/lib/armor_pose_solver/armor_pose_node" to ""
[4.922s] -- Installing: /home/fang/桌面/ZM/type2/install/armor_pose_solver/share/armor_pose_solver/config
[4.922s] -- Installing: /home/fang/桌面/ZM/type2/install/armor_pose_solver/share/armor_pose_solver/config/armor6red.mp4
[4.926s] -- Installing: /home/fang/桌面/ZM/type2/install/armor_pose_solver/share/armor_pose_solver/config/3(bai.jpg
[4.927s] -- Installing: /home/fang/桌面/ZM/type2/install/armor_pose_solver/share/armor_pose_solver/config/armor5blue.mp4
[4.930s] -- Installing: /home/fang/桌面/ZM/type2/install/armor_pose_solver/share/armor_pose_solver/config/frame7red_0005.jpg
[4.930s] -- Installing: /home/fang/桌面/ZM/type2/install/armor_pose_solver/share/armor_pose_solver/config/config.yaml
[4.931s] -- Installing: /home/fang/桌面/ZM/type2/install/armor_pose_solver/share/armor_pose_solver/config/5.mp4
[4.933s] -- Installing: /home/fang/桌面/ZM/type2/install/armor_pose_solver/share/armor_pose_solver/config/test_armor.mp4
[4.938s] -- Installing: /home/fang/桌面/ZM/type2/install/armor_pose_solver/share/armor_pose_solver/config/best.pt
[4.949s] -- Installing: /home/fang/桌面/ZM/type2/install/armor_pose_solver/share/armor_pose_solver/config/armor7red.mp4
[4.952s] -- Installing: /home/fang/桌面/ZM/type2/install/armor_pose_solver/share/armor_pose_solver/config/armor4blue.mp4
[4.955s] -- Installing: /home/fang/桌面/ZM/type2/install/armor_pose_solver/share/armor_pose_solver/config/frame4blue_0016.jpg
[4.955s] -- Installing: /home/fang/桌面/ZM/type2/install/armor_pose_solver/share/armor_pose_solver/config/best.onnx
[4.978s] -- Installing: /home/fang/桌面/ZM/type2/install/armor_pose_solver/share/armor_pose_solver/config/3(hong.jpg
[4.978s] -- Installing: /home/fang/桌面/ZM/type2/install/armor_pose_solver/share/armor_pose_solver/config/armor1.mp4
[4.981s] -- Installing: /home/fang/桌面/ZM/type2/install/armor_pose_solver/share/armor_pose_solver/config/armor_params.yaml
[4.981s] -- Installing: /home/fang/桌面/ZM/type2/install/armor_pose_solver/share/armor_pose_solver/launch
[4.981s] -- Installing: /home/fang/桌面/ZM/type2/install/armor_pose_solver/share/armor_pose_solver/launch/pose_launch.py
[4.981s] -- Installing: /home/fang/桌面/ZM/type2/install/armor_pose_solver/share/ament_index/resource_index/package_run_dependencies/armor_pose_solver
[4.982s] -- Installing: /home/fang/桌面/ZM/type2/install/armor_pose_solver/share/ament_index/resource_index/parent_prefix_path/armor_pose_solver
[4.982s] -- Installing: /home/fang/桌面/ZM/type2/install/armor_pose_solver/share/armor_pose_solver/environment/ament_prefix_path.sh
[4.982s] -- Installing: /home/fang/桌面/ZM/type2/install/armor_pose_solver/share/armor_pose_solver/environment/ament_prefix_path.dsv
[4.982s] -- Installing: /home/fang/桌面/ZM/type2/install/armor_pose_solver/share/armor_pose_solver/environment/path.sh
[4.982s] -- Installing: /home/fang/桌面/ZM/type2/install/armor_pose_solver/share/armor_pose_solver/environment/path.dsv
[4.983s] -- Installing: /home/fang/桌面/ZM/type2/install/armor_pose_solver/share/armor_pose_solver/local_setup.bash
[4.983s] -- Installing: /home/fang/桌面/ZM/type2/install/armor_pose_solver/share/armor_pose_solver/local_setup.sh
[4.983s] -- Installing: /home/fang/桌面/ZM/type2/install/armor_pose_solver/share/armor_pose_solver/local_setup.zsh
[4.983s] -- Installing: /home/fang/桌面/ZM/type2/install/armor_pose_solver/share/armor_pose_solver/local_setup.dsv
[4.983s] -- Installing: /home/fang/桌面/ZM/type2/install/armor_pose_solver/share/armor_pose_solver/package.dsv
[4.984s] -- Installing: /home/fang/桌面/ZM/type2/install/armor_pose_solver/share/ament_index/resource_index/packages/armor_pose_solver
[4.984s] -- Installing: /home/fang/桌面/ZM/type2/install/armor_pose_solver/share/armor_pose_solver/cmake/armor_pose_solverConfig.cmake
[4.984s] -- Installing: /home/fang/桌面/ZM/type2/install/armor_pose_solver/share/armor_pose_solver/cmake/armor_pose_solverConfig-version.cmake
[4.984s] -- Installing: /home/fang/桌面/ZM/type2/install/armor_pose_solver/share/armor_pose_solver/package.xml
[4.986s] Invoked command in '/home/fang/桌面/ZM/type2/build/armor_pose_solver' returned '0': CMAKE_PREFIX_PATH=/opt/ros/humble /usr/bin/cmake --install /home/fang/桌面/ZM/type2/build/armor_pose_solver
