[0.077s] DEBUG:colcon:Command line arguments: ['/usr/bin/colcon', 'build', '--packages-select', 'armor_pose_solver', '--cmake-args', '-DCMAKE_BUILD_TYPE=Release']
[0.077s] DEBUG:colcon:Parsed command line arguments: Namespace(log_base=None, log_level=None, verb_name='build', build_base='build', install_base='install', merge_install=False, symlink_install=False, test_result_base=None, continue_on_error=False, executor='parallel', parallel_workers=12, event_handlers=None, ignore_user_meta=False, metas=['./colcon.meta'], base_paths=['.'], packages_ignore=None, packages_ignore_regex=None, paths=None, packages_up_to=None, packages_up_to_regex=None, packages_above=None, packages_above_and_dependencies=None, packages_above_depth=None, packages_select_by_dep=None, packages_skip_by_dep=None, packages_skip_up_to=None, packages_select_build_failed=False, packages_skip_build_finished=False, packages_select_test_failures=False, packages_skip_test_passed=False, packages_select=['armor_pose_solver'], packages_skip=None, packages_select_regex=None, packages_skip_regex=None, packages_start=None, packages_end=None, allow_overriding=[], cmake_args=['-DCMAKE_BUILD_TYPE=Release'], cmake_target=None, cmake_target_skip_unavailable=False, cmake_clean_cache=False, cmake_clean_first=False, cmake_force_configure=False, ament_cmake_args=None, catkin_cmake_args=None, catkin_skip_building_tests=False, verb_parser=<colcon_defaults.argument_parser.defaults.DefaultArgumentsDecorator object at 0x78383492f100>, verb_extension=<colcon_core.verb.build.BuildVerb object at 0x783834a785b0>, main=<bound method BuildVerb.main of <colcon_core.verb.build.BuildVerb object at 0x783834a785b0>>)
[0.216s] Level 1:colcon.colcon_core.package_discovery:discover_packages(colcon_meta) check parameters
[0.216s] Level 1:colcon.colcon_core.package_discovery:discover_packages(recursive) check parameters
[0.216s] Level 1:colcon.colcon_core.package_discovery:discover_packages(ignore) check parameters
[0.217s] Level 1:colcon.colcon_core.package_discovery:discover_packages(path) check parameters
[0.217s] Level 1:colcon.colcon_core.package_discovery:discover_packages(colcon_meta) discover
[0.217s] Level 1:colcon.colcon_core.package_discovery:discover_packages(recursive) discover
[0.217s] INFO:colcon.colcon_core.package_discovery:Crawling recursively for packages in '/home/fang/桌面/ZM/type2'
[0.217s] Level 1:colcon.colcon_core.package_identification:_identify(.) by extensions ['ignore', 'ignore_ament_install']
[0.217s] Level 1:colcon.colcon_core.package_identification:_identify(.) by extension 'ignore'
[0.217s] Level 1:colcon.colcon_core.package_identification:_identify(.) by extension 'ignore_ament_install'
[0.217s] Level 1:colcon.colcon_core.package_identification:_identify(.) by extensions ['colcon_pkg']
[0.217s] Level 1:colcon.colcon_core.package_identification:_identify(.) by extension 'colcon_pkg'
[0.217s] Level 1:colcon.colcon_core.package_identification:_identify(.) by extensions ['colcon_meta']
[0.217s] Level 1:colcon.colcon_core.package_identification:_identify(.) by extension 'colcon_meta'
[0.217s] Level 1:colcon.colcon_core.package_identification:_identify(.) by extensions ['ros']
[0.217s] Level 1:colcon.colcon_core.package_identification:_identify(.) by extension 'ros'
[0.228s] DEBUG:colcon.colcon_core.package_identification:Package '.' with type 'ros.ament_cmake' and name 'armor_pose_solver'
[0.228s] Level 1:colcon.colcon_core.package_discovery:discover_packages(recursive) using defaults
[0.229s] Level 1:colcon.colcon_core.package_discovery:discover_packages(ignore) discover
[0.229s] Level 1:colcon.colcon_core.package_discovery:discover_packages(ignore) using defaults
[0.229s] Level 1:colcon.colcon_core.package_discovery:discover_packages(path) discover
[0.229s] Level 1:colcon.colcon_core.package_discovery:discover_packages(path) using defaults
[0.245s] Level 1:colcon.colcon_core.package_discovery:discover_packages(prefix_path) check parameters
[0.245s] Level 1:colcon.colcon_core.package_discovery:discover_packages(prefix_path) discover
[0.246s] DEBUG:colcon.colcon_installed_package_information.package_discovery:Found 1 installed packages in /home/fang/桌面/ZM/type2/install
[0.247s] DEBUG:colcon.colcon_installed_package_information.package_discovery:Found 272 installed packages in /opt/ros/humble
[0.248s] Level 1:colcon.colcon_core.package_discovery:discover_packages(prefix_path) using defaults
[0.287s] Level 5:colcon.colcon_core.verb:set package 'armor_pose_solver' build argument 'cmake_args' from command line to '['-DCMAKE_BUILD_TYPE=Release']'
[0.288s] Level 5:colcon.colcon_core.verb:set package 'armor_pose_solver' build argument 'cmake_target' from command line to 'None'
[0.288s] Level 5:colcon.colcon_core.verb:set package 'armor_pose_solver' build argument 'cmake_target_skip_unavailable' from command line to 'False'
[0.288s] Level 5:colcon.colcon_core.verb:set package 'armor_pose_solver' build argument 'cmake_clean_cache' from command line to 'False'
[0.288s] Level 5:colcon.colcon_core.verb:set package 'armor_pose_solver' build argument 'cmake_clean_first' from command line to 'False'
[0.288s] Level 5:colcon.colcon_core.verb:set package 'armor_pose_solver' build argument 'cmake_force_configure' from command line to 'False'
[0.288s] Level 5:colcon.colcon_core.verb:set package 'armor_pose_solver' build argument 'ament_cmake_args' from command line to 'None'
[0.288s] Level 5:colcon.colcon_core.verb:set package 'armor_pose_solver' build argument 'catkin_cmake_args' from command line to 'None'
[0.288s] Level 5:colcon.colcon_core.verb:set package 'armor_pose_solver' build argument 'catkin_skip_building_tests' from command line to 'False'
[0.288s] DEBUG:colcon.colcon_core.verb:Building package 'armor_pose_solver' with the following arguments: {'ament_cmake_args': None, 'build_base': '/home/fang/桌面/ZM/type2/build/armor_pose_solver', 'catkin_cmake_args': None, 'catkin_skip_building_tests': False, 'cmake_args': ['-DCMAKE_BUILD_TYPE=Release'], 'cmake_clean_cache': False, 'cmake_clean_first': False, 'cmake_force_configure': False, 'cmake_target': None, 'cmake_target_skip_unavailable': False, 'install_base': '/home/fang/桌面/ZM/type2/install/armor_pose_solver', 'merge_install': False, 'path': '/home/fang/桌面/ZM/type2', 'symlink_install': False, 'test_result_base': None}
[0.288s] INFO:colcon.colcon_core.executor:Executing jobs using 'parallel' executor
[0.289s] DEBUG:colcon.colcon_parallel_executor.executor.parallel:run_until_complete
[0.289s] INFO:colcon.colcon_ros.task.ament_cmake.build:Building ROS package in '/home/fang/桌面/ZM/type2' with build type 'ament_cmake'
[0.289s] INFO:colcon.colcon_cmake.task.cmake.build:Building CMake package in '/home/fang/桌面/ZM/type2'
[0.291s] INFO:colcon.colcon_core.plugin_system:Skipping extension 'colcon_core.shell.bat': Not used on non-Windows systems
[0.291s] INFO:colcon.colcon_core.shell:Skip shell extension 'powershell' for command environment: Not usable outside of PowerShell
[0.291s] DEBUG:colcon.colcon_core.shell:Skip shell extension 'dsv' for command environment
[0.301s] DEBUG:colcon.colcon_core.event_handler.log_command:Invoking command in '/home/fang/桌面/ZM/type2/build/armor_pose_solver': CMAKE_PREFIX_PATH=${CMAKE_PREFIX_PATH}:/opt/ros/humble /usr/bin/cmake --build /home/fang/桌面/ZM/type2/build/armor_pose_solver -- -j12 -l12
[3.861s] DEBUG:colcon.colcon_core.event_handler.log_command:Invoked command in '/home/fang/桌面/ZM/type2/build/armor_pose_solver' returned '0': CMAKE_PREFIX_PATH=${CMAKE_PREFIX_PATH}:/opt/ros/humble /usr/bin/cmake --build /home/fang/桌面/ZM/type2/build/armor_pose_solver -- -j12 -l12
[3.871s] DEBUG:colcon.colcon_core.event_handler.log_command:Invoking command in '/home/fang/桌面/ZM/type2/build/armor_pose_solver': CMAKE_PREFIX_PATH=${CMAKE_PREFIX_PATH}:/opt/ros/humble /usr/bin/cmake --install /home/fang/桌面/ZM/type2/build/armor_pose_solver
[3.884s] Level 1:colcon.colcon_core.environment:create_environment_scripts_only(armor_pose_solver)
[3.884s] DEBUG:colcon.colcon_core.event_handler.log_command:Invoked command in '/home/fang/桌面/ZM/type2/build/armor_pose_solver' returned '0': CMAKE_PREFIX_PATH=${CMAKE_PREFIX_PATH}:/opt/ros/humble /usr/bin/cmake --install /home/fang/桌面/ZM/type2/build/armor_pose_solver
[3.886s] Level 1:colcon.colcon_core.environment:checking '/home/fang/桌面/ZM/type2/install/armor_pose_solver' for CMake module files
[3.887s] Level 1:colcon.colcon_core.environment:checking '/home/fang/桌面/ZM/type2/install/armor_pose_solver' for CMake config files
[3.887s] Level 1:colcon.colcon_core.shell:create_environment_hook('armor_pose_solver', 'cmake_prefix_path')
[3.887s] INFO:colcon.colcon_core.shell:Creating environment hook '/home/fang/桌面/ZM/type2/install/armor_pose_solver/share/armor_pose_solver/hook/cmake_prefix_path.ps1'
[3.888s] INFO:colcon.colcon_core.shell:Creating environment descriptor '/home/fang/桌面/ZM/type2/install/armor_pose_solver/share/armor_pose_solver/hook/cmake_prefix_path.dsv'
[3.888s] INFO:colcon.colcon_core.shell:Creating environment hook '/home/fang/桌面/ZM/type2/install/armor_pose_solver/share/armor_pose_solver/hook/cmake_prefix_path.sh'
[3.889s] Level 1:colcon.colcon_core.environment:checking '/home/fang/桌面/ZM/type2/install/armor_pose_solver/lib'
[3.889s] Level 1:colcon.colcon_core.environment:checking '/home/fang/桌面/ZM/type2/install/armor_pose_solver/bin'
[3.889s] Level 1:colcon.colcon_core.environment:checking '/home/fang/桌面/ZM/type2/install/armor_pose_solver/lib/pkgconfig/armor_pose_solver.pc'
[3.890s] Level 1:colcon.colcon_core.environment:checking '/home/fang/桌面/ZM/type2/install/armor_pose_solver/lib/python3.10/site-packages'
[3.890s] Level 1:colcon.colcon_core.environment:checking '/home/fang/桌面/ZM/type2/install/armor_pose_solver/bin'
[3.890s] INFO:colcon.colcon_core.shell:Creating package script '/home/fang/桌面/ZM/type2/install/armor_pose_solver/share/armor_pose_solver/package.ps1'
[3.891s] INFO:colcon.colcon_core.shell:Creating package descriptor '/home/fang/桌面/ZM/type2/install/armor_pose_solver/share/armor_pose_solver/package.dsv'
[3.892s] INFO:colcon.colcon_core.shell:Creating package script '/home/fang/桌面/ZM/type2/install/armor_pose_solver/share/armor_pose_solver/package.sh'
[3.892s] INFO:colcon.colcon_core.shell:Creating package script '/home/fang/桌面/ZM/type2/install/armor_pose_solver/share/armor_pose_solver/package.bash'
[3.893s] INFO:colcon.colcon_core.shell:Creating package script '/home/fang/桌面/ZM/type2/install/armor_pose_solver/share/armor_pose_solver/package.zsh'
[3.894s] Level 1:colcon.colcon_core.environment:create_file_with_runtime_dependencies(/home/fang/桌面/ZM/type2/install/armor_pose_solver/share/colcon-core/packages/armor_pose_solver)
[3.895s] Level 1:colcon.colcon_core.environment:create_environment_scripts_only(armor_pose_solver)
[3.895s] Level 1:colcon.colcon_core.environment:checking '/home/fang/桌面/ZM/type2/install/armor_pose_solver' for CMake module files
[3.895s] Level 1:colcon.colcon_core.environment:checking '/home/fang/桌面/ZM/type2/install/armor_pose_solver' for CMake config files
[3.895s] Level 1:colcon.colcon_core.shell:create_environment_hook('armor_pose_solver', 'cmake_prefix_path')
[3.896s] INFO:colcon.colcon_core.shell:Creating environment hook '/home/fang/桌面/ZM/type2/install/armor_pose_solver/share/armor_pose_solver/hook/cmake_prefix_path.ps1'
[3.896s] INFO:colcon.colcon_core.shell:Creating environment descriptor '/home/fang/桌面/ZM/type2/install/armor_pose_solver/share/armor_pose_solver/hook/cmake_prefix_path.dsv'
[3.896s] INFO:colcon.colcon_core.shell:Creating environment hook '/home/fang/桌面/ZM/type2/install/armor_pose_solver/share/armor_pose_solver/hook/cmake_prefix_path.sh'
[3.897s] Level 1:colcon.colcon_core.environment:checking '/home/fang/桌面/ZM/type2/install/armor_pose_solver/lib'
[3.897s] Level 1:colcon.colcon_core.environment:checking '/home/fang/桌面/ZM/type2/install/armor_pose_solver/bin'
[3.897s] Level 1:colcon.colcon_core.environment:checking '/home/fang/桌面/ZM/type2/install/armor_pose_solver/lib/pkgconfig/armor_pose_solver.pc'
[3.897s] Level 1:colcon.colcon_core.environment:checking '/home/fang/桌面/ZM/type2/install/armor_pose_solver/lib/python3.10/site-packages'
[3.897s] Level 1:colcon.colcon_core.environment:checking '/home/fang/桌面/ZM/type2/install/armor_pose_solver/bin'
[3.897s] INFO:colcon.colcon_core.shell:Creating package script '/home/fang/桌面/ZM/type2/install/armor_pose_solver/share/armor_pose_solver/package.ps1'
[3.898s] INFO:colcon.colcon_core.shell:Creating package descriptor '/home/fang/桌面/ZM/type2/install/armor_pose_solver/share/armor_pose_solver/package.dsv'
[3.898s] INFO:colcon.colcon_core.shell:Creating package script '/home/fang/桌面/ZM/type2/install/armor_pose_solver/share/armor_pose_solver/package.sh'
[3.899s] INFO:colcon.colcon_core.shell:Creating package script '/home/fang/桌面/ZM/type2/install/armor_pose_solver/share/armor_pose_solver/package.bash'
[3.899s] INFO:colcon.colcon_core.shell:Creating package script '/home/fang/桌面/ZM/type2/install/armor_pose_solver/share/armor_pose_solver/package.zsh'
[3.900s] Level 1:colcon.colcon_core.environment:create_file_with_runtime_dependencies(/home/fang/桌面/ZM/type2/install/armor_pose_solver/share/colcon-core/packages/armor_pose_solver)
[3.900s] DEBUG:colcon.colcon_parallel_executor.executor.parallel:closing loop
[3.900s] DEBUG:colcon.colcon_parallel_executor.executor.parallel:loop closed
[3.900s] DEBUG:colcon.colcon_parallel_executor.executor.parallel:run_until_complete finished with '0'
[3.900s] DEBUG:colcon.colcon_core.event_reactor:joining thread
[3.905s] INFO:colcon.colcon_core.plugin_system:Skipping extension 'colcon_notification.desktop_notification.terminal_notifier': Not used on non-Darwin systems
[3.905s] INFO:colcon.colcon_core.plugin_system:Skipping extension 'colcon_notification.desktop_notification.win32': Not used on non-Windows systems
[3.905s] INFO:colcon.colcon_notification.desktop_notification:Sending desktop notification using 'notify2'
[3.916s] DEBUG:colcon.colcon_core.event_reactor:joined thread
[3.916s] INFO:colcon.colcon_core.shell:Creating prefix script '/home/fang/桌面/ZM/type2/install/local_setup.ps1'
[3.918s] INFO:colcon.colcon_core.shell:Creating prefix util module '/home/fang/桌面/ZM/type2/install/_local_setup_util_ps1.py'
[3.919s] INFO:colcon.colcon_core.shell:Creating prefix chain script '/home/fang/桌面/ZM/type2/install/setup.ps1'
[3.920s] INFO:colcon.colcon_core.shell:Creating prefix script '/home/fang/桌面/ZM/type2/install/local_setup.sh'
[3.921s] INFO:colcon.colcon_core.shell:Creating prefix util module '/home/fang/桌面/ZM/type2/install/_local_setup_util_sh.py'
[3.921s] INFO:colcon.colcon_core.shell:Creating prefix chain script '/home/fang/桌面/ZM/type2/install/setup.sh'
[3.922s] INFO:colcon.colcon_core.shell:Creating prefix script '/home/fang/桌面/ZM/type2/install/local_setup.bash'
[3.922s] INFO:colcon.colcon_core.shell:Creating prefix chain script '/home/fang/桌面/ZM/type2/install/setup.bash'
[3.923s] INFO:colcon.colcon_core.shell:Creating prefix script '/home/fang/桌面/ZM/type2/install/local_setup.zsh'
[3.924s] INFO:colcon.colcon_core.shell:Creating prefix chain script '/home/fang/桌面/ZM/type2/install/setup.zsh'
