[0.011s] Invoking command in '/home/fang/桌面/ZM/type2/build/armor_pose_solver': CMAKE_PREFIX_PATH=/opt/ros/humble /usr/bin/cmake --build /home/fang/桌面/ZM/type2/build/armor_pose_solver -- -j12 -l12
[0.053s] [35m[1mConsolidate compiler generated dependencies of target armor_pose_node[0m
[0.079s] [ 16%] [32mBuilding CXX object CMakeFiles/armor_pose_node.dir/src/Main1.cpp.o[0m
[1.277s] [01m[K/home/fang/桌面/ZM/type2/src/Main1.cpp:[m[K In function ‘[01m[Kint main()[m[K’:
[1.277s] [01m[K/home/fang/桌面/ZM/type2/src/Main1.cpp:150:14:[m[K [01;35m[Kwarning: [m[Kvariable ‘[01m[Kcalib_from_config[m[K’ set but not used [[01;35m[K]8;;https://gcc.gnu.org/onlinedocs/gcc/Warning-Options.html#index-Wunused-but-set-variable-Wunused-but-set-variable]8;;[m[K]
[1.277s]   150 |         bool [01;35m[Kcalib_from_config[m[K = false;
[1.278s]       |              [01;35m[K^~~~~~~~~~~~~~~~~[m[K
[1.278s] [01m[K/home/fang/桌面/ZM/type2/src/Main1.cpp:199:16:[m[K [01;35m[Kwarning: [m[Kvariable ‘[01m[Klast_valid_yaw[m[K’ set but not used [[01;35m[K]8;;https://gcc.gnu.org/onlinedocs/gcc/Warning-Options.html#index-Wunused-but-set-variable-Wunused-but-set-variable]8;;[m[K]
[1.278s]   199 |         double [01;35m[Klast_valid_yaw[m[K = 0.0;
[1.278s]       |                [01;35m[K^~~~~~~~~~~~~~[m[K
[3.255s] [ 33%] [32m[1mLinking CXX executable armor_pose_node[0m
[3.276s] /usr/bin/ld: CMakeFiles/armor_pose_node.dir/src/PoseSolve.cpp.o:(.bss+0x0): multiple definition of `Config::mutex_'; CMakeFiles/armor_pose_node.dir/src/Main1.cpp.o:(.bss+0x0): first defined here
[3.276s] /usr/bin/ld: CMakeFiles/armor_pose_node.dir/src/PoseSolve.cpp.o:(.bss+0x28): multiple definition of `Config::instance_'; CMakeFiles/armor_pose_node.dir/src/Main1.cpp.o:(.bss+0x28): first defined here
[3.276s] /usr/bin/ld: CMakeFiles/armor_pose_node.dir/src/ExtendedKalman.cpp.o:(.bss+0x0): multiple definition of `Config::mutex_'; CMakeFiles/armor_pose_node.dir/src/Main1.cpp.o:(.bss+0x0): first defined here
[3.276s] /usr/bin/ld: CMakeFiles/armor_pose_node.dir/src/ExtendedKalman.cpp.o:(.bss+0x28): multiple definition of `Config::instance_'; CMakeFiles/armor_pose_node.dir/src/Main1.cpp.o:(.bss+0x28): first defined here
[3.604s] collect2: error: ld returned 1 exit status
[3.606s] gmake[2]: *** [CMakeFiles/armor_pose_node.dir/build.make:583：armor_pose_node] 错误 1
[3.606s] gmake[1]: *** [CMakeFiles/Makefile2:137：CMakeFiles/armor_pose_node.dir/all] 错误 2
[3.606s] gmake: *** [Makefile:146：all] 错误 2
[3.609s] Invoked command in '/home/fang/桌面/ZM/type2/build/armor_pose_solver' returned '2': CMAKE_PREFIX_PATH=/opt/ros/humble /usr/bin/cmake --build /home/fang/桌面/ZM/type2/build/armor_pose_solver -- -j12 -l12
