[0.190s] DEBUG:colcon:Command line arguments: ['/usr/bin/colcon', 'build', '--packages-select', 'armor_pose_solver', '--cmake-args', '-DCMAKE_BUILD_TYPE=Release']
[0.190s] DEBUG:colcon:Parsed command line arguments: Namespace(log_base=None, log_level=None, verb_name='build', build_base='build', install_base='install', merge_install=False, symlink_install=False, test_result_base=None, continue_on_error=False, executor='parallel', parallel_workers=12, event_handlers=None, ignore_user_meta=False, metas=['./colcon.meta'], base_paths=['.'], packages_ignore=None, packages_ignore_regex=None, paths=None, packages_up_to=None, packages_up_to_regex=None, packages_above=None, packages_above_and_dependencies=None, packages_above_depth=None, packages_select_by_dep=None, packages_skip_by_dep=None, packages_skip_up_to=None, packages_select_build_failed=False, packages_skip_build_finished=False, packages_select_test_failures=False, packages_skip_test_passed=False, packages_select=['armor_pose_solver'], packages_skip=None, packages_select_regex=None, packages_skip_regex=None, packages_start=None, packages_end=None, allow_overriding=[], cmake_args=['-DCMAKE_BUILD_TYPE=Release'], cmake_target=None, cmake_target_skip_unavailable=False, cmake_clean_cache=False, cmake_clean_first=False, cmake_force_configure=False, ament_cmake_args=None, catkin_cmake_args=None, catkin_skip_building_tests=False, verb_parser=<colcon_defaults.argument_parser.defaults.DefaultArgumentsDecorator object at 0x7ae655533160>, verb_extension=<colcon_core.verb.build.BuildVerb object at 0x7ae65567c610>, main=<bound method BuildVerb.main of <colcon_core.verb.build.BuildVerb object at 0x7ae65567c610>>)
[0.396s] Level 1:colcon.colcon_core.package_discovery:discover_packages(colcon_meta) check parameters
[0.396s] Level 1:colcon.colcon_core.package_discovery:discover_packages(recursive) check parameters
[0.396s] Level 1:colcon.colcon_core.package_discovery:discover_packages(ignore) check parameters
[0.396s] Level 1:colcon.colcon_core.package_discovery:discover_packages(path) check parameters
[0.396s] Level 1:colcon.colcon_core.package_discovery:discover_packages(colcon_meta) discover
[0.396s] Level 1:colcon.colcon_core.package_discovery:discover_packages(recursive) discover
[0.396s] INFO:colcon.colcon_core.package_discovery:Crawling recursively for packages in '/home/fang/桌面/ZM/type2'
[0.396s] Level 1:colcon.colcon_core.package_identification:_identify(.) by extensions ['ignore', 'ignore_ament_install']
[0.396s] Level 1:colcon.colcon_core.package_identification:_identify(.) by extension 'ignore'
[0.396s] Level 1:colcon.colcon_core.package_identification:_identify(.) by extension 'ignore_ament_install'
[0.396s] Level 1:colcon.colcon_core.package_identification:_identify(.) by extensions ['colcon_pkg']
[0.396s] Level 1:colcon.colcon_core.package_identification:_identify(.) by extension 'colcon_pkg'
[0.396s] Level 1:colcon.colcon_core.package_identification:_identify(.) by extensions ['colcon_meta']
[0.396s] Level 1:colcon.colcon_core.package_identification:_identify(.) by extension 'colcon_meta'
[0.397s] Level 1:colcon.colcon_core.package_identification:_identify(.) by extensions ['ros']
[0.397s] Level 1:colcon.colcon_core.package_identification:_identify(.) by extension 'ros'
[0.411s] DEBUG:colcon.colcon_core.package_identification:Package '.' with type 'ros.ament_cmake' and name 'armor_pose_solver'
[0.411s] Level 1:colcon.colcon_core.package_discovery:discover_packages(recursive) using defaults
[0.411s] Level 1:colcon.colcon_core.package_discovery:discover_packages(ignore) discover
[0.411s] Level 1:colcon.colcon_core.package_discovery:discover_packages(ignore) using defaults
[0.411s] Level 1:colcon.colcon_core.package_discovery:discover_packages(path) discover
[0.411s] Level 1:colcon.colcon_core.package_discovery:discover_packages(path) using defaults
[0.436s] Level 1:colcon.colcon_core.package_discovery:discover_packages(prefix_path) check parameters
[0.436s] Level 1:colcon.colcon_core.package_discovery:discover_packages(prefix_path) discover
[0.439s] DEBUG:colcon.colcon_installed_package_information.package_discovery:Found 272 installed packages in /opt/ros/humble
[0.440s] Level 1:colcon.colcon_core.package_discovery:discover_packages(prefix_path) using defaults
[0.482s] Level 5:colcon.colcon_core.verb:set package 'armor_pose_solver' build argument 'cmake_args' from command line to '['-DCMAKE_BUILD_TYPE=Release']'
[0.482s] Level 5:colcon.colcon_core.verb:set package 'armor_pose_solver' build argument 'cmake_target' from command line to 'None'
[0.482s] Level 5:colcon.colcon_core.verb:set package 'armor_pose_solver' build argument 'cmake_target_skip_unavailable' from command line to 'False'
[0.482s] Level 5:colcon.colcon_core.verb:set package 'armor_pose_solver' build argument 'cmake_clean_cache' from command line to 'False'
[0.482s] Level 5:colcon.colcon_core.verb:set package 'armor_pose_solver' build argument 'cmake_clean_first' from command line to 'False'
[0.482s] Level 5:colcon.colcon_core.verb:set package 'armor_pose_solver' build argument 'cmake_force_configure' from command line to 'False'
[0.482s] Level 5:colcon.colcon_core.verb:set package 'armor_pose_solver' build argument 'ament_cmake_args' from command line to 'None'
[0.482s] Level 5:colcon.colcon_core.verb:set package 'armor_pose_solver' build argument 'catkin_cmake_args' from command line to 'None'
[0.482s] Level 5:colcon.colcon_core.verb:set package 'armor_pose_solver' build argument 'catkin_skip_building_tests' from command line to 'False'
[0.482s] DEBUG:colcon.colcon_core.verb:Building package 'armor_pose_solver' with the following arguments: {'ament_cmake_args': None, 'build_base': '/home/fang/桌面/ZM/type2/build/armor_pose_solver', 'catkin_cmake_args': None, 'catkin_skip_building_tests': False, 'cmake_args': ['-DCMAKE_BUILD_TYPE=Release'], 'cmake_clean_cache': False, 'cmake_clean_first': False, 'cmake_force_configure': False, 'cmake_target': None, 'cmake_target_skip_unavailable': False, 'install_base': '/home/fang/桌面/ZM/type2/install/armor_pose_solver', 'merge_install': False, 'path': '/home/fang/桌面/ZM/type2', 'symlink_install': False, 'test_result_base': None}
[0.482s] INFO:colcon.colcon_core.executor:Executing jobs using 'parallel' executor
[0.483s] DEBUG:colcon.colcon_parallel_executor.executor.parallel:run_until_complete
[0.483s] INFO:colcon.colcon_ros.task.ament_cmake.build:Building ROS package in '/home/fang/桌面/ZM/type2' with build type 'ament_cmake'
[0.483s] INFO:colcon.colcon_cmake.task.cmake.build:Building CMake package in '/home/fang/桌面/ZM/type2'
[0.487s] INFO:colcon.colcon_core.plugin_system:Skipping extension 'colcon_core.shell.bat': Not used on non-Windows systems
[0.488s] INFO:colcon.colcon_core.shell:Skip shell extension 'powershell' for command environment: Not usable outside of PowerShell
[0.488s] DEBUG:colcon.colcon_core.shell:Skip shell extension 'dsv' for command environment
[0.495s] DEBUG:colcon.colcon_core.event_handler.log_command:Invoking command in '/home/fang/桌面/ZM/type2/build/armor_pose_solver': CMAKE_PREFIX_PATH=/opt/ros/humble /usr/bin/cmake --build /home/fang/桌面/ZM/type2/build/armor_pose_solver -- -j12 -l12
[5.383s] DEBUG:colcon.colcon_core.event_handler.log_command:Invoked command in '/home/fang/桌面/ZM/type2/build/armor_pose_solver' returned '0': CMAKE_PREFIX_PATH=/opt/ros/humble /usr/bin/cmake --build /home/fang/桌面/ZM/type2/build/armor_pose_solver -- -j12 -l12
[5.395s] DEBUG:colcon.colcon_core.event_handler.log_command:Invoking command in '/home/fang/桌面/ZM/type2/build/armor_pose_solver': CMAKE_PREFIX_PATH=/opt/ros/humble /usr/bin/cmake --install /home/fang/桌面/ZM/type2/build/armor_pose_solver
[5.469s] Level 1:colcon.colcon_core.environment:create_environment_scripts_only(armor_pose_solver)
[5.470s] DEBUG:colcon.colcon_core.event_handler.log_command:Invoked command in '/home/fang/桌面/ZM/type2/build/armor_pose_solver' returned '0': CMAKE_PREFIX_PATH=/opt/ros/humble /usr/bin/cmake --install /home/fang/桌面/ZM/type2/build/armor_pose_solver
[5.473s] Level 1:colcon.colcon_core.environment:checking '/home/fang/桌面/ZM/type2/install/armor_pose_solver' for CMake module files
[5.474s] Level 1:colcon.colcon_core.environment:checking '/home/fang/桌面/ZM/type2/install/armor_pose_solver' for CMake config files
[5.474s] Level 1:colcon.colcon_core.shell:create_environment_hook('armor_pose_solver', 'cmake_prefix_path')
[5.474s] INFO:colcon.colcon_core.shell:Creating environment hook '/home/fang/桌面/ZM/type2/install/armor_pose_solver/share/armor_pose_solver/hook/cmake_prefix_path.ps1'
[5.475s] INFO:colcon.colcon_core.shell:Creating environment descriptor '/home/fang/桌面/ZM/type2/install/armor_pose_solver/share/armor_pose_solver/hook/cmake_prefix_path.dsv'
[5.475s] INFO:colcon.colcon_core.shell:Creating environment hook '/home/fang/桌面/ZM/type2/install/armor_pose_solver/share/armor_pose_solver/hook/cmake_prefix_path.sh'
[5.476s] Level 1:colcon.colcon_core.environment:checking '/home/fang/桌面/ZM/type2/install/armor_pose_solver/lib'
[5.476s] Level 1:colcon.colcon_core.environment:checking '/home/fang/桌面/ZM/type2/install/armor_pose_solver/bin'
[5.476s] Level 1:colcon.colcon_core.environment:checking '/home/fang/桌面/ZM/type2/install/armor_pose_solver/lib/pkgconfig/armor_pose_solver.pc'
[5.476s] Level 1:colcon.colcon_core.environment:checking '/home/fang/桌面/ZM/type2/install/armor_pose_solver/lib/python3.10/site-packages'
[5.477s] Level 1:colcon.colcon_core.environment:checking '/home/fang/桌面/ZM/type2/install/armor_pose_solver/bin'
[5.477s] INFO:colcon.colcon_core.shell:Creating package script '/home/fang/桌面/ZM/type2/install/armor_pose_solver/share/armor_pose_solver/package.ps1'
[5.478s] INFO:colcon.colcon_core.shell:Creating package descriptor '/home/fang/桌面/ZM/type2/install/armor_pose_solver/share/armor_pose_solver/package.dsv'
[5.478s] INFO:colcon.colcon_core.shell:Creating package script '/home/fang/桌面/ZM/type2/install/armor_pose_solver/share/armor_pose_solver/package.sh'
[5.479s] INFO:colcon.colcon_core.shell:Creating package script '/home/fang/桌面/ZM/type2/install/armor_pose_solver/share/armor_pose_solver/package.bash'
[5.479s] INFO:colcon.colcon_core.shell:Creating package script '/home/fang/桌面/ZM/type2/install/armor_pose_solver/share/armor_pose_solver/package.zsh'
[5.480s] Level 1:colcon.colcon_core.environment:create_file_with_runtime_dependencies(/home/fang/桌面/ZM/type2/install/armor_pose_solver/share/colcon-core/packages/armor_pose_solver)
[5.481s] Level 1:colcon.colcon_core.environment:create_environment_scripts_only(armor_pose_solver)
[5.481s] Level 1:colcon.colcon_core.environment:checking '/home/fang/桌面/ZM/type2/install/armor_pose_solver' for CMake module files
[5.481s] Level 1:colcon.colcon_core.environment:checking '/home/fang/桌面/ZM/type2/install/armor_pose_solver' for CMake config files
[5.481s] Level 1:colcon.colcon_core.shell:create_environment_hook('armor_pose_solver', 'cmake_prefix_path')
[5.481s] INFO:colcon.colcon_core.shell:Creating environment hook '/home/fang/桌面/ZM/type2/install/armor_pose_solver/share/armor_pose_solver/hook/cmake_prefix_path.ps1'
[5.482s] INFO:colcon.colcon_core.shell:Creating environment descriptor '/home/fang/桌面/ZM/type2/install/armor_pose_solver/share/armor_pose_solver/hook/cmake_prefix_path.dsv'
[5.482s] INFO:colcon.colcon_core.shell:Creating environment hook '/home/fang/桌面/ZM/type2/install/armor_pose_solver/share/armor_pose_solver/hook/cmake_prefix_path.sh'
[5.483s] Level 1:colcon.colcon_core.environment:checking '/home/fang/桌面/ZM/type2/install/armor_pose_solver/lib'
[5.483s] Level 1:colcon.colcon_core.environment:checking '/home/fang/桌面/ZM/type2/install/armor_pose_solver/bin'
[5.483s] Level 1:colcon.colcon_core.environment:checking '/home/fang/桌面/ZM/type2/install/armor_pose_solver/lib/pkgconfig/armor_pose_solver.pc'
[5.483s] Level 1:colcon.colcon_core.environment:checking '/home/fang/桌面/ZM/type2/install/armor_pose_solver/lib/python3.10/site-packages'
[5.483s] Level 1:colcon.colcon_core.environment:checking '/home/fang/桌面/ZM/type2/install/armor_pose_solver/bin'
[5.483s] INFO:colcon.colcon_core.shell:Creating package script '/home/fang/桌面/ZM/type2/install/armor_pose_solver/share/armor_pose_solver/package.ps1'
[5.484s] INFO:colcon.colcon_core.shell:Creating package descriptor '/home/fang/桌面/ZM/type2/install/armor_pose_solver/share/armor_pose_solver/package.dsv'
[5.484s] INFO:colcon.colcon_core.shell:Creating package script '/home/fang/桌面/ZM/type2/install/armor_pose_solver/share/armor_pose_solver/package.sh'
[5.484s] INFO:colcon.colcon_core.shell:Creating package script '/home/fang/桌面/ZM/type2/install/armor_pose_solver/share/armor_pose_solver/package.bash'
[5.485s] INFO:colcon.colcon_core.shell:Creating package script '/home/fang/桌面/ZM/type2/install/armor_pose_solver/share/armor_pose_solver/package.zsh'
[5.485s] Level 1:colcon.colcon_core.environment:create_file_with_runtime_dependencies(/home/fang/桌面/ZM/type2/install/armor_pose_solver/share/colcon-core/packages/armor_pose_solver)
[5.485s] DEBUG:colcon.colcon_parallel_executor.executor.parallel:closing loop
[5.486s] DEBUG:colcon.colcon_parallel_executor.executor.parallel:loop closed
[5.486s] DEBUG:colcon.colcon_parallel_executor.executor.parallel:run_until_complete finished with '0'
[5.486s] DEBUG:colcon.colcon_core.event_reactor:joining thread
[5.490s] INFO:colcon.colcon_core.plugin_system:Skipping extension 'colcon_notification.desktop_notification.terminal_notifier': Not used on non-Darwin systems
[5.491s] INFO:colcon.colcon_core.plugin_system:Skipping extension 'colcon_notification.desktop_notification.win32': Not used on non-Windows systems
[5.491s] INFO:colcon.colcon_notification.desktop_notification:Sending desktop notification using 'notify2'
[5.508s] DEBUG:colcon.colcon_core.event_reactor:joined thread
[5.508s] INFO:colcon.colcon_core.shell:Creating prefix script '/home/fang/桌面/ZM/type2/install/local_setup.ps1'
[5.509s] INFO:colcon.colcon_core.shell:Creating prefix util module '/home/fang/桌面/ZM/type2/install/_local_setup_util_ps1.py'
[5.511s] INFO:colcon.colcon_core.shell:Creating prefix chain script '/home/fang/桌面/ZM/type2/install/setup.ps1'
[5.512s] INFO:colcon.colcon_core.shell:Creating prefix script '/home/fang/桌面/ZM/type2/install/local_setup.sh'
[5.513s] INFO:colcon.colcon_core.shell:Creating prefix util module '/home/fang/桌面/ZM/type2/install/_local_setup_util_sh.py'
[5.513s] INFO:colcon.colcon_core.shell:Creating prefix chain script '/home/fang/桌面/ZM/type2/install/setup.sh'
[5.514s] INFO:colcon.colcon_core.shell:Creating prefix script '/home/fang/桌面/ZM/type2/install/local_setup.bash'
[5.515s] INFO:colcon.colcon_core.shell:Creating prefix chain script '/home/fang/桌面/ZM/type2/install/setup.bash'
[5.516s] INFO:colcon.colcon_core.shell:Creating prefix script '/home/fang/桌面/ZM/type2/install/local_setup.zsh'
[5.517s] INFO:colcon.colcon_core.shell:Creating prefix chain script '/home/fang/桌面/ZM/type2/install/setup.zsh'
