-- The C compiler identification is GNU 11.4.0
-- The CXX compiler identification is GNU 11.4.0
-- Detecting C compiler ABI info
-- Detecting C compiler ABI info - done
-- Check for working C compiler: /usr/bin/cc - skipped
-- Detecting C compile features
-- Detecting C compile features - done
-- Detecting CXX compiler ABI info
-- Detecting CXX compiler ABI info - done
-- Check for working CXX compiler: /usr/bin/c++ - skipped
-- Detecting CXX compile features
-- Detecting CXX compile features - done
-- Found OpenCV: /usr/local (found suitable version "4.6.0", minimum required is "4") found components: core highgui imgproc videoio imgcodecs calib3d dnn 
-- 找到系统 OpenCV: 4.6.0
-- Found ament_cmake: 1.3.13 (/opt/ros/humble/share/ament_cmake/cmake)
-- Found Python3: /usr/bin/python3 (found version "3.10.12") found components: Interpreter 
-- Found rclcpp: 16.0.18 (/opt/ros/humble/share/rclcpp/cmake)
-- Found rosidl_generator_c: 3.1.8 (/opt/ros/humble/share/rosidl_generator_c/cmake)
-- Found rosidl_adapter: 3.1.8 (/opt/ros/humble/share/rosidl_adapter/cmake)
-- Found rosidl_generator_cpp: 3.1.8 (/opt/ros/humble/share/rosidl_generator_cpp/cmake)
-- Using all available rosidl_typesupport_c: rosidl_typesupport_fastrtps_c;rosidl_typesupport_introspection_c
-- Using all available rosidl_typesupport_cpp: rosidl_typesupport_fastrtps_cpp;rosidl_typesupport_introspection_cpp
-- Found rmw_implementation_cmake: 6.1.2 (/opt/ros/humble/share/rmw_implementation_cmake/cmake)
-- Found rmw_fastrtps_cpp: 6.2.10 (/opt/ros/humble/share/rmw_fastrtps_cpp/cmake)
-- Found OpenSSL: /usr/lib/x86_64-linux-gnu/libcrypto.so (found version "3.0.2")  
-- Found FastRTPS: /opt/ros/humble/include  
-- Using RMW implementation 'rmw_fastrtps_cpp' as default
-- Looking for pthread.h
-- Looking for pthread.h - found
-- Performing Test CMAKE_HAVE_LIBC_PTHREAD
-- Performing Test CMAKE_HAVE_LIBC_PTHREAD - Success
-- Found Threads: TRUE  
-- 未找到海康 MVS SDK,禁用海康相机支持
-- Found ament_lint_auto: 0.12.15 (/opt/ros/humble/share/ament_lint_auto/cmake)
-- Added test 'copyright' to check source files copyright and LICENSE
-- Added test 'cppcheck' to perform static code analysis on C / C++ code
-- Configured cppcheck include dirs: /home/fang/桌面/ZM/type2/include
-- Configured cppcheck exclude dirs and/or files: 
-- Added test 'cpplint' to check C / C++ code against the Google style
-- Configured cpplint exclude dirs and/or files: 
-- Added test 'flake8' to check Python code syntax and style conventions
-- Added test 'lint_cmake' to check CMake code style
-- Added test 'pep257' to check Python code against some of the docstring style conventions in PEP 257
-- Added test 'uncrustify' to check C / C++ code style
-- Configured uncrustify additional arguments: 
-- Added test 'xmllint' to check XML markup files
-- Configuring done
-- Generating done
-- Build files have been written to: /home/fang/桌面/ZM/type2/build/armor_pose_solver
[ 66%] [32mBuilding CXX object CMakeFiles/armor_pose_node.dir/src/Serial.cpp.o[0m
[ 66%] [32mBuilding CXX object CMakeFiles/armor_pose_node.dir/src/PoseSolve.cpp.o[0m
[ 66%] [32mBuilding CXX object CMakeFiles/armor_pose_node.dir/src/Yolo.cpp.o[0m
[ 66%] [32mBuilding CXX object CMakeFiles/armor_pose_node.dir/src/ExtendedKalman.cpp.o[0m
[ 83%] [32mBuilding CXX object CMakeFiles/armor_pose_node.dir/src/Main1.cpp.o[0m
[01m[K/home/fang/桌面/ZM/type2/src/Main1.cpp:[m[K In function ‘[01m[Kint main()[m[K’:
[01m[K/home/fang/桌面/ZM/type2/src/Main1.cpp:150:14:[m[K [01;35m[Kwarning: [m[Kvariable ‘[01m[Kcalib_from_config[m[K’ set but not used [[01;35m[K]8;;https://gcc.gnu.org/onlinedocs/gcc/Warning-Options.html#index-Wunused-but-set-variable-Wunused-but-set-variable]8;;[m[K]
  150 |         bool [01;35m[Kcalib_from_config[m[K = false;
      |              [01;35m[K^~~~~~~~~~~~~~~~~[m[K
[01m[K/home/fang/桌面/ZM/type2/src/Main1.cpp:199:16:[m[K [01;35m[Kwarning: [m[Kvariable ‘[01m[Klast_valid_yaw[m[K’ set but not used [[01;35m[K]8;;https://gcc.gnu.org/onlinedocs/gcc/Warning-Options.html#index-Wunused-but-set-variable-Wunused-but-set-variable]8;;[m[K]
  199 |         double [01;35m[Klast_valid_yaw[m[K = 0.0;
      |                [01;35m[K^~~~~~~~~~~~~~[m[K
[100%] [32m[1mLinking CXX executable armor_pose_node[0m
/usr/bin/ld: CMakeFiles/armor_pose_node.dir/src/PoseSolve.cpp.o:(.bss+0x0): multiple definition of `Config::mutex_'; CMakeFiles/armor_pose_node.dir/src/Main1.cpp.o:(.bss+0x0): first defined here
/usr/bin/ld: CMakeFiles/armor_pose_node.dir/src/PoseSolve.cpp.o:(.bss+0x28): multiple definition of `Config::instance_'; CMakeFiles/armor_pose_node.dir/src/Main1.cpp.o:(.bss+0x28): first defined here
/usr/bin/ld: CMakeFiles/armor_pose_node.dir/src/ExtendedKalman.cpp.o:(.bss+0x0): multiple definition of `Config::mutex_'; CMakeFiles/armor_pose_node.dir/src/Main1.cpp.o:(.bss+0x0): first defined here
/usr/bin/ld: CMakeFiles/armor_pose_node.dir/src/ExtendedKalman.cpp.o:(.bss+0x28): multiple definition of `Config::instance_'; CMakeFiles/armor_pose_node.dir/src/Main1.cpp.o:(.bss+0x28): first defined here
collect2: error: ld returned 1 exit status
gmake[2]: *** [CMakeFiles/armor_pose_node.dir/build.make:583：armor_pose_node] 错误 1
gmake[1]: *** [CMakeFiles/Makefile2:137：CMakeFiles/armor_pose_node.dir/all] 错误 2
gmake: *** [Makefile:146：all] 错误 2
