[0.008s] Invoking command in '/home/fang/桌面/ZM/type2/build/armor_pose_solver': CMAKE_PREFIX_PATH=/opt/ros/humble /usr/bin/cmake /home/fang/桌面/ZM/type2 -DCMAKE_BUILD_TYPE=Release -DCMAKE_INSTALL_PREFIX=/home/fang/桌面/ZM/type2/install/armor_pose_solver
[0.062s] -- The C compiler identification is GNU 11.4.0
[0.113s] -- The CXX compiler identification is GNU 11.4.0
[0.120s] -- Detecting C compiler ABI info
[0.190s] -- Detecting C compiler ABI info - done
[0.197s] -- Check for working C compiler: /usr/bin/cc - skipped
[0.197s] -- Detecting C compile features
[0.197s] -- Detecting C compile features - done
[0.201s] -- Detecting CXX compiler ABI info
[0.285s] -- Detecting CXX compiler ABI info - done
[0.293s] -- Check for working CXX compiler: /usr/bin/c++ - skipped
[0.293s] -- Detecting CXX compile features
[0.294s] -- Detecting CXX compile features - done
[0.298s] -- Found OpenCV: /usr/local (found suitable version "4.6.0", minimum required is "4") found components: core highgui imgproc videoio imgcodecs calib3d dnn 
[0.298s] -- 找到系统 OpenCV: 4.6.0
[0.299s] -- Found ament_cmake: 1.3.13 (/opt/ros/humble/share/ament_cmake/cmake)
[0.439s] -- Found Python3: /usr/bin/python3 (found version "3.10.12") found components: Interpreter 
[0.519s] -- Found rclcpp: 16.0.18 (/opt/ros/humble/share/rclcpp/cmake)
[0.552s] -- Found rosidl_generator_c: 3.1.8 (/opt/ros/humble/share/rosidl_generator_c/cmake)
[0.556s] -- Found rosidl_adapter: 3.1.8 (/opt/ros/humble/share/rosidl_adapter/cmake)
[0.562s] -- Found rosidl_generator_cpp: 3.1.8 (/opt/ros/humble/share/rosidl_generator_cpp/cmake)
[0.571s] -- Using all available rosidl_typesupport_c: rosidl_typesupport_fastrtps_c;rosidl_typesupport_introspection_c
[0.583s] -- Using all available rosidl_typesupport_cpp: rosidl_typesupport_fastrtps_cpp;rosidl_typesupport_introspection_cpp
[0.618s] -- Found rmw_implementation_cmake: 6.1.2 (/opt/ros/humble/share/rmw_implementation_cmake/cmake)
[0.620s] -- Found rmw_fastrtps_cpp: 6.2.10 (/opt/ros/humble/share/rmw_fastrtps_cpp/cmake)
[0.705s] -- Found OpenSSL: /usr/lib/x86_64-linux-gnu/libcrypto.so (found version "3.0.2")  
[0.731s] -- Found FastRTPS: /opt/ros/humble/include  
[0.770s] -- Using RMW implementation 'rmw_fastrtps_cpp' as default
[0.776s] -- Looking for pthread.h
[0.848s] -- Looking for pthread.h - found
[0.848s] -- Performing Test CMAKE_HAVE_LIBC_PTHREAD
[0.922s] -- Performing Test CMAKE_HAVE_LIBC_PTHREAD - Success
[0.923s] -- Found Threads: TRUE  
[0.966s] -- 未找到海康 MVS SDK,禁用海康相机支持
[0.967s] -- Found ament_lint_auto: 0.12.15 (/opt/ros/humble/share/ament_lint_auto/cmake)
[1.035s] -- Added test 'copyright' to check source files copyright and LICENSE
[1.042s] -- Added test 'cppcheck' to perform static code analysis on C / C++ code
[1.042s] -- Configured cppcheck include dirs: /home/fang/桌面/ZM/type2/include
[1.042s] -- Configured cppcheck exclude dirs and/or files: 
[1.048s] -- Added test 'cpplint' to check C / C++ code against the Google style
[1.049s] -- Configured cpplint exclude dirs and/or files: 
[1.050s] -- Added test 'flake8' to check Python code syntax and style conventions
[1.052s] -- Added test 'lint_cmake' to check CMake code style
[1.053s] -- Added test 'pep257' to check Python code against some of the docstring style conventions in PEP 257
[1.060s] -- Added test 'uncrustify' to check C / C++ code style
[1.060s] -- Configured uncrustify additional arguments: 
[1.061s] -- Added test 'xmllint' to check XML markup files
[1.062s] -- Configuring done
[1.104s] -- Generating done
[1.110s] -- Build files have been written to: /home/fang/桌面/ZM/type2/build/armor_pose_solver
[1.121s] Invoked command in '/home/fang/桌面/ZM/type2/build/armor_pose_solver' returned '0': CMAKE_PREFIX_PATH=/opt/ros/humble /usr/bin/cmake /home/fang/桌面/ZM/type2 -DCMAKE_BUILD_TYPE=Release -DCMAKE_INSTALL_PREFIX=/home/fang/桌面/ZM/type2/install/armor_pose_solver
[1.123s] Invoking command in '/home/fang/桌面/ZM/type2/build/armor_pose_solver': CMAKE_PREFIX_PATH=/opt/ros/humble /usr/bin/cmake --build /home/fang/桌面/ZM/type2/build/armor_pose_solver -- -j12 -l12
[1.178s] [ 66%] [32mBuilding CXX object CMakeFiles/armor_pose_node.dir/src/Serial.cpp.o[0m
[1.178s] [ 66%] [32mBuilding CXX object CMakeFiles/armor_pose_node.dir/src/PoseSolve.cpp.o[0m
[1.178s] [ 66%] [32mBuilding CXX object CMakeFiles/armor_pose_node.dir/src/Yolo.cpp.o[0m
[1.178s] [ 66%] [32mBuilding CXX object CMakeFiles/armor_pose_node.dir/src/ExtendedKalman.cpp.o[0m
[1.178s] [ 83%] [32mBuilding CXX object CMakeFiles/armor_pose_node.dir/src/Main1.cpp.o[0m
[2.603s] [01m[K/home/fang/桌面/ZM/type2/src/Main1.cpp:[m[K In function ‘[01m[Kint main()[m[K’:
[2.603s] [01m[K/home/fang/桌面/ZM/type2/src/Main1.cpp:150:14:[m[K [01;35m[Kwarning: [m[Kvariable ‘[01m[Kcalib_from_config[m[K’ set but not used [[01;35m[K]8;;https://gcc.gnu.org/onlinedocs/gcc/Warning-Options.html#index-Wunused-but-set-variable-Wunused-but-set-variable]8;;[m[K]
[2.604s]   150 |         bool [01;35m[Kcalib_from_config[m[K = false;
[2.604s]       |              [01;35m[K^~~~~~~~~~~~~~~~~[m[K
[2.604s] [01m[K/home/fang/桌面/ZM/type2/src/Main1.cpp:199:16:[m[K [01;35m[Kwarning: [m[Kvariable ‘[01m[Klast_valid_yaw[m[K’ set but not used [[01;35m[K]8;;https://gcc.gnu.org/onlinedocs/gcc/Warning-Options.html#index-Wunused-but-set-variable-Wunused-but-set-variable]8;;[m[K]
[2.604s]   199 |         double [01;35m[Klast_valid_yaw[m[K = 0.0;
[2.604s]       |                [01;35m[K^~~~~~~~~~~~~~[m[K
[4.791s] [100%] [32m[1mLinking CXX executable armor_pose_node[0m
[4.812s] /usr/bin/ld: CMakeFiles/armor_pose_node.dir/src/PoseSolve.cpp.o:(.bss+0x0): multiple definition of `Config::mutex_'; CMakeFiles/armor_pose_node.dir/src/Main1.cpp.o:(.bss+0x0): first defined here
[4.812s] /usr/bin/ld: CMakeFiles/armor_pose_node.dir/src/PoseSolve.cpp.o:(.bss+0x28): multiple definition of `Config::instance_'; CMakeFiles/armor_pose_node.dir/src/Main1.cpp.o:(.bss+0x28): first defined here
[4.812s] /usr/bin/ld: CMakeFiles/armor_pose_node.dir/src/ExtendedKalman.cpp.o:(.bss+0x0): multiple definition of `Config::mutex_'; CMakeFiles/armor_pose_node.dir/src/Main1.cpp.o:(.bss+0x0): first defined here
[4.812s] /usr/bin/ld: CMakeFiles/armor_pose_node.dir/src/ExtendedKalman.cpp.o:(.bss+0x28): multiple definition of `Config::instance_'; CMakeFiles/armor_pose_node.dir/src/Main1.cpp.o:(.bss+0x28): first defined here
[5.223s] collect2: error: ld returned 1 exit status
[5.225s] gmake[2]: *** [CMakeFiles/armor_pose_node.dir/build.make:583：armor_pose_node] 错误 1
[5.225s] gmake[1]: *** [CMakeFiles/Makefile2:137：CMakeFiles/armor_pose_node.dir/all] 错误 2
[5.226s] gmake: *** [Makefile:146：all] 错误 2
[5.228s] Invoked command in '/home/fang/桌面/ZM/type2/build/armor_pose_solver' returned '2': CMAKE_PREFIX_PATH=/opt/ros/humble /usr/bin/cmake --build /home/fang/桌面/ZM/type2/build/armor_pose_solver -- -j12 -l12
